2025-10-12 15:35:43,873 - INFO - GET https://reqres.in/api/users?page=2 | params=None
2025-10-12 15:35:44,361 - INFO - POST https://reqres.in/api/login | payload={'email': 'eve.holt@reqres.in', 'password': 'cityslicka'}
2025-10-12 15:35:45,398 - INFO - RESP 401 | {"error":"Missing API key"}
2025-10-12 15:35:45,738 - INFO - POST https://jsonplaceholder.typicode.com/posts | payload={'title': 'Test Post', 'body': 'Content', 'userId': 1}
2025-10-12 15:35:46,167 - INFO - RESP 201 | {
  "title": "Test Post",
  "body": "Content",
  "userId": 1,
  "id": 101
}
2025-10-12 15:35:46,176 - INFO - GET https://jsonplaceholder.typicode.com/posts/1
2025-10-12 15:35:46,359 - INFO - RESP 200 | {
  "userId": 1,
  "id": 1,
  "title": "sunt aut facere repellat provident occaecati excepturi optio reprehenderit",
  "body": "quia et suscipit\nsuscipit recusandae consequuntur expedita et cum\nreprehenderit molestiae ut ut quas totam\nnostrum rerum est autem sunt rem eveniet architecto"
}
2025-10-12 15:35:46,369 - INFO - GET https://jsonplaceholder.typicode.com/posts/99999
2025-10-12 15:35:46,575 - INFO - RESP 404 | {}
2025-10-12 15:35:46,582 - INFO - DELETE https://httpbin.org/status/405
2025-10-12 15:35:48,923 - INFO - RESP 405 | 
2025-10-12 15:35:48,930 - INFO - POST https://gorest.co.in/public/v2/users | payload={'name': 'Temp User', 'email': 'user_snnrmg@example.com', 'gender': 'male', 'status': 'active'}
2025-10-12 15:35:49,415 - INFO - RESP 201 | {"id":8182607,"name":"Temp User","email":"user_snnrmg@example.com","gender":"male","status":"active"}
2025-10-12 15:35:49,418 - INFO - DELETE https://gorest.co.in/public/v2/users/8182607
2025-10-12 15:35:49,903 - INFO - RESP 204 | 
2025-10-12 15:35:49,913 - INFO - POST https://gorest.co.in/public/v2/users | payload={'name': 'X', 'email': 'bad-email', 'gender': 'male', 'status': 'active'}
2025-10-12 15:35:50,237 - INFO - RESP 422 | [{"field":"email","message":"is invalid"}]
2025-10-12 15:35:50,245 - INFO - GET https://jsonplaceholder.typicode.com/posts/1
2025-10-12 15:35:50,458 - INFO - RESP 200 | {
  "userId": 1,
  "id": 1,
  "title": "sunt aut facere repellat provident occaecati excepturi optio reprehenderit",
  "body": "quia et suscipit\nsuscipit recusandae consequuntur expedita et cum\nreprehenderit molestiae ut ut quas totam\nnostrum rerum est autem sunt rem eveniet architecto"
}
2025-10-12 15:35:50,473 - INFO - GET https://httpbin.org/delay/1 | params=None
2025-10-12 15:35:50,474 - INFO - GET https://httpbin.org/delay/1 | params=None
2025-10-12 15:35:50,475 - INFO - GET https://httpbin.org/delay/1 | params=None
2025-10-12 15:35:50,477 - INFO - GET https://httpbin.org/delay/1 | params=None
2025-10-12 15:35:50,480 - INFO - GET https://httpbin.org/delay/1 | params=None
2025-10-12 15:35:50,485 - INFO - GET https://httpbin.org/delay/1 | params=None
2025-10-12 15:35:50,488 - INFO - GET https://httpbin.org/delay/1 | params=None
2025-10-12 15:35:50,493 - INFO - GET https://httpbin.org/delay/1 | params=None
2025-10-12 15:35:50,497 - INFO - GET https://httpbin.org/delay/1 | params=None
2025-10-12 15:35:50,502 - INFO - GET https://httpbin.org/delay/1 | params=None
2025-10-12 15:35:53,863 - INFO - RESP 200 | {
  "args": {}, 
  "data": "", 
  "files": {}, 
  "form": {}, 
  "headers": {
    "Accept": "*/*", 
    "Accept-Encoding": "gzip, deflate", 
    "Host": "httpbin.org", 
    "User-Agent": "python-requests/2.31.0", 
    "X-Amzn-Trace-Id": "Root=1-68eb7d7f-32ab3a4c361fdd9575c53670"
  }, 
  "origin": "223.178.82.13", 
  "url": "https://httpbin.org/delay/1"
}

2025-10-12 15:35:54,039 - INFO - RESP 200 | {
  "args": {}, 
  "data": "", 
  "files": {}, 
  "form": {}, 
  "headers": {
    "Accept": "*/*", 
    "Accept-Encoding": "gzip, deflate", 
    "Host": "httpbin.org", 
    "User-Agent": "python-requests/2.31.0", 
    "X-Amzn-Trace-Id": "Root=1-68eb7d7e-1da45c4a7d4969e67e4218ed"
  }, 
  "origin": "223.178.82.13", 
  "url": "https://httpbin.org/delay/1"
}

2025-10-12 15:35:54,644 - INFO - RESP 200 | {
  "args": {}, 
  "data": "", 
  "files": {}, 
  "form": {}, 
  "headers": {
    "Accept": "*/*", 
    "Accept-Encoding": "gzip, deflate", 
    "Host": "httpbin.org", 
    "User-Agent": "python-requests/2.31.0", 
    "X-Amzn-Trace-Id": "Root=1-68eb7d7f-2d360948781273b26fbd8fc6"
  }, 
  "origin": "223.178.82.13", 
  "url": "https://httpbin.org/delay/1"
}

2025-10-12 15:35:54,859 - INFO - RESP 200 | {
  "args": {}, 
  "data": "", 
  "files": {}, 
  "form": {}, 
  "headers": {
    "Accept": "*/*", 
    "Accept-Encoding": "gzip, deflate", 
    "Host": "httpbin.org", 
    "User-Agent": "python-requests/2.31.0", 
    "X-Amzn-Trace-Id": "Root=1-68eb7d7f-47f207ac1d8ac0fe04f6ab79"
  }, 
  "origin": "223.178.82.13", 
  "url": "https://httpbin.org/delay/1"
}

2025-10-12 15:35:55,311 - INFO - RESP 200 | {
  "args": {}, 
  "data": "", 
  "files": {}, 
  "form": {}, 
  "headers": {
    "Accept": "*/*", 
    "Accept-Encoding": "gzip, deflate", 
    "Host": "httpbin.org", 
    "User-Agent": "python-requests/2.31.0", 
    "X-Amzn-Trace-Id": "Root=1-68eb7d7f-7bf7ddca5522dbb1402ec18a"
  }, 
  "origin": "223.178.82.13", 
  "url": "https://httpbin.org/delay/1"
}

2025-10-12 15:35:55,772 - INFO - RESP 200 | {
  "args": {}, 
  "data": "", 
  "files": {}, 
  "form": {}, 
  "headers": {
    "Accept": "*/*", 
    "Accept-Encoding": "gzip, deflate", 
    "Host": "httpbin.org", 
    "User-Agent": "python-requests/2.31.0", 
    "X-Amzn-Trace-Id": "Root=1-68eb7d7f-22713eb34975f23e00fa132c"
  }, 
  "origin": "223.178.82.13", 
  "url": "https://httpbin.org/delay/1"
}

2025-10-12 15:35:57,378 - INFO - RESP 200 | {
  "args": {}, 
  "data": "", 
  "files": {}, 
  "form": {}, 
  "headers": {
    "Accept": "*/*", 
    "Accept-Encoding": "gzip, deflate", 
    "Host": "httpbin.org", 
    "User-Agent": "python-requests/2.31.0", 
    "X-Amzn-Trace-Id": "Root=1-68eb7d7f-0957ad93396a3c0e1bcd6594"
  }, 
  "origin": "223.178.82.13", 
  "url": "https://httpbin.org/delay/1"
}

2025-10-12 15:35:57,534 - INFO - RESP 200 | {
  "args": {}, 
  "data": "", 
  "files": {}, 
  "form": {}, 
  "headers": {
    "Accept": "*/*", 
    "Accept-Encoding": "gzip, deflate", 
    "Host": "httpbin.org", 
    "User-Agent": "python-requests/2.31.0", 
    "X-Amzn-Trace-Id": "Root=1-68eb7d7f-2861ce2e41942c227d26c26b"
  }, 
  "origin": "223.178.82.13", 
  "url": "https://httpbin.org/delay/1"
}

2025-10-12 15:35:58,227 - INFO - RESP 200 | {
  "args": {}, 
  "data": "", 
  "files": {}, 
  "form": {}, 
  "headers": {
    "Accept": "*/*", 
    "Accept-Encoding": "gzip, deflate", 
    "Host": "httpbin.org", 
    "User-Agent": "python-requests/2.31.0", 
    "X-Amzn-Trace-Id": "Root=1-68eb7d7f-6b33e43e02c9910f74e88c33"
  }, 
  "origin": "223.178.82.13", 
  "url": "https://httpbin.org/delay/1"
}

2025-10-12 15:35:58,325 - INFO - RESP 200 | {
  "args": {}, 
  "data": "", 
  "files": {}, 
  "form": {}, 
  "headers": {
    "Accept": "*/*", 
    "Accept-Encoding": "gzip, deflate", 
    "Host": "httpbin.org", 
    "User-Agent": "python-requests/2.31.0", 
    "X-Amzn-Trace-Id": "Root=1-68eb7d7f-3b25087777b83aeb5eb43626"
  }, 
  "origin": "223.178.82.13", 
  "url": "https://httpbin.org/delay/1"
}

2025-10-12 15:38:39,541 - INFO - POST https://reqres.in/api/login | payload={'email': 'eve.holt@reqres.in', 'password': 'cityslicka'}
2025-10-12 15:38:40,733 - INFO - RESP 401 | {"error":"Missing API key"}
2025-10-12 15:38:40,748 - INFO - POST https://jsonplaceholder.typicode.com/posts | payload={'title': 'Test Post', 'body': 'Content', 'userId': 1}
2025-10-12 15:38:41,229 - INFO - RESP 201 | {
  "title": "Test Post",
  "body": "Content",
  "userId": 1,
  "id": 101
}
2025-10-12 15:38:41,237 - INFO - GET https://jsonplaceholder.typicode.com/posts/1
2025-10-12 15:38:41,412 - INFO - RESP 200 | {
  "userId": 1,
  "id": 1,
  "title": "sunt aut facere repellat provident occaecati excepturi optio reprehenderit",
  "body": "quia et suscipit\nsuscipit recusandae consequuntur expedita et cum\nreprehenderit molestiae ut ut quas totam\nnostrum rerum est autem sunt rem eveniet architecto"
}
2025-10-12 15:38:41,421 - INFO - GET https://jsonplaceholder.typicode.com/posts/99999
2025-10-12 15:38:41,625 - INFO - RESP 404 | {}
2025-10-12 15:38:41,632 - INFO - DELETE https://httpbin.org/status/405
2025-10-12 15:38:55,157 - INFO - RESP 405 | 
2025-10-12 15:38:55,165 - INFO - POST https://gorest.co.in/public/v2/users | payload={'name': 'Temp User', 'email': 'user_qxwxve@example.com', 'gender': 'male', 'status': 'active'}
2025-10-12 15:38:55,654 - INFO - RESP 201 | {"id":8182610,"name":"Temp User","email":"user_qxwxve@example.com","gender":"male","status":"active"}
2025-10-12 15:38:55,658 - INFO - DELETE https://gorest.co.in/public/v2/users/8182610
2025-10-12 15:38:56,011 - INFO - RESP 204 | 
2025-10-12 15:38:56,024 - INFO - POST https://gorest.co.in/public/v2/users | payload={'name': 'X', 'email': 'bad-email', 'gender': 'male', 'status': 'active'}
2025-10-12 15:38:56,722 - INFO - RESP 422 | [{"field":"email","message":"is invalid"}]
2025-10-12 15:38:56,731 - INFO - GET https://jsonplaceholder.typicode.com/posts/1
2025-10-12 15:38:56,891 - INFO - RESP 200 | {
  "userId": 1,
  "id": 1,
  "title": "sunt aut facere repellat provident occaecati excepturi optio reprehenderit",
  "body": "quia et suscipit\nsuscipit recusandae consequuntur expedita et cum\nreprehenderit molestiae ut ut quas totam\nnostrum rerum est autem sunt rem eveniet architecto"
}
2025-10-12 15:38:56,907 - INFO - GET https://httpbin.org/delay/1 | params=None
2025-10-12 15:38:56,908 - INFO - GET https://httpbin.org/delay/1 | params=None
2025-10-12 15:38:56,910 - INFO - GET https://httpbin.org/delay/1 | params=None
2025-10-12 15:38:56,915 - INFO - GET https://httpbin.org/delay/1 | params=None
2025-10-12 15:38:56,921 - INFO - GET https://httpbin.org/delay/1 | params=None
2025-10-12 15:38:56,926 - INFO - GET https://httpbin.org/delay/1 | params=None
2025-10-12 15:38:56,930 - INFO - GET https://httpbin.org/delay/1 | params=None
2025-10-12 15:38:56,935 - INFO - GET https://httpbin.org/delay/1 | params=None
2025-10-12 15:38:56,939 - INFO - GET https://httpbin.org/delay/1 | params=None
2025-10-12 15:38:56,945 - INFO - GET https://httpbin.org/delay/1 | params=None
2025-10-12 15:39:00,301 - INFO - RESP 200 | {
  "args": {}, 
  "data": "", 
  "files": {}, 
  "form": {}, 
  "headers": {
    "Accept": "*/*", 
    "Accept-Encoding": "gzip, deflate", 
    "Host": "httpbin.org", 
    "User-Agent": "python-requests/2.31.0", 
    "X-Amzn-Trace-Id": "Root=1-68eb7e39-095442475bb81a001a615b19"
  }, 
  "origin": "223.178.82.13", 
  "url": "https://httpbin.org/delay/1"
}

2025-10-12 15:39:00,916 - INFO - RESP 200 | {
  "args": {}, 
  "data": "", 
  "files": {}, 
  "form": {}, 
  "headers": {
    "Accept": "*/*", 
    "Accept-Encoding": "gzip, deflate", 
    "Host": "httpbin.org", 
    "User-Agent": "python-requests/2.31.0", 
    "X-Amzn-Trace-Id": "Root=1-68eb7e39-729cf4551d11dd93296701aa"
  }, 
  "origin": "223.178.82.13", 
  "url": "https://httpbin.org/delay/1"
}

2025-10-12 15:39:01,059 - INFO - RESP 200 | {
  "args": {}, 
  "data": "", 
  "files": {}, 
  "form": {}, 
  "headers": {
    "Accept": "*/*", 
    "Accept-Encoding": "gzip, deflate", 
    "Host": "httpbin.org", 
    "User-Agent": "python-requests/2.31.0", 
    "X-Amzn-Trace-Id": "Root=1-68eb7e39-77b996646863bfd13e860889"
  }, 
  "origin": "223.178.82.13", 
  "url": "https://httpbin.org/delay/1"
}

2025-10-12 15:39:01,445 - INFO - RESP 200 | {
  "args": {}, 
  "data": "", 
  "files": {}, 
  "form": {}, 
  "headers": {
    "Accept": "*/*", 
    "Accept-Encoding": "gzip, deflate", 
    "Host": "httpbin.org", 
    "User-Agent": "python-requests/2.31.0", 
    "X-Amzn-Trace-Id": "Root=1-68eb7e39-58bc28483a49090f2b60e850"
  }, 
  "origin": "223.178.82.13", 
  "url": "https://httpbin.org/delay/1"
}

2025-10-12 15:39:01,746 - INFO - RESP 200 | {
  "args": {}, 
  "data": "", 
  "files": {}, 
  "form": {}, 
  "headers": {
    "Accept": "*/*", 
    "Accept-Encoding": "gzip, deflate", 
    "Host": "httpbin.org", 
    "User-Agent": "python-requests/2.31.0", 
    "X-Amzn-Trace-Id": "Root=1-68eb7e39-44c38d6a57b136b54efec6fe"
  }, 
  "origin": "223.178.82.13", 
  "url": "https://httpbin.org/delay/1"
}

2025-10-12 15:39:02,025 - INFO - RESP 200 | {
  "args": {}, 
  "data": "", 
  "files": {}, 
  "form": {}, 
  "headers": {
    "Accept": "*/*", 
    "Accept-Encoding": "gzip, deflate", 
    "Host": "httpbin.org", 
    "User-Agent": "python-requests/2.31.0", 
    "X-Amzn-Trace-Id": "Root=1-68eb7e39-1e49e1335983f29d2cc66529"
  }, 
  "origin": "223.178.82.13", 
  "url": "https://httpbin.org/delay/1"
}

2025-10-12 15:39:02,523 - INFO - RESP 200 | {
  "args": {}, 
  "data": "", 
  "files": {}, 
  "form": {}, 
  "headers": {
    "Accept": "*/*", 
    "Accept-Encoding": "gzip, deflate", 
    "Host": "httpbin.org", 
    "User-Agent": "python-requests/2.31.0", 
    "X-Amzn-Trace-Id": "Root=1-68eb7e39-674c4daa29636da338810924"
  }, 
  "origin": "223.178.82.13", 
  "url": "https://httpbin.org/delay/1"
}

2025-10-12 15:39:03,300 - INFO - RESP 200 | {
  "args": {}, 
  "data": "", 
  "files": {}, 
  "form": {}, 
  "headers": {
    "Accept": "*/*", 
    "Accept-Encoding": "gzip, deflate", 
    "Host": "httpbin.org", 
    "User-Agent": "python-requests/2.31.0", 
    "X-Amzn-Trace-Id": "Root=1-68eb7e39-1b883d480b847be557adf51a"
  }, 
  "origin": "223.178.82.13", 
  "url": "https://httpbin.org/delay/1"
}

2025-10-12 15:39:03,653 - INFO - RESP 200 | {
  "args": {}, 
  "data": "", 
  "files": {}, 
  "form": {}, 
  "headers": {
    "Accept": "*/*", 
    "Accept-Encoding": "gzip, deflate", 
    "Host": "httpbin.org", 
    "User-Agent": "python-requests/2.31.0", 
    "X-Amzn-Trace-Id": "Root=1-68eb7e39-55df354c6f8ebf8432a5d55f"
  }, 
  "origin": "223.178.82.13", 
  "url": "https://httpbin.org/delay/1"
}

2025-10-12 15:39:24,276 - INFO - RESP 200 | {
  "args": {}, 
  "data": "", 
  "files": {}, 
  "form": {}, 
  "headers": {
    "Accept": "*/*", 
    "Accept-Encoding": "gzip, deflate", 
    "Host": "httpbin.org", 
    "User-Agent": "python-requests/2.31.0", 
    "X-Amzn-Trace-Id": "Root=1-68eb7e39-737c669f5b8a7c325358daa2"
  }, 
  "origin": "223.178.82.13", 
  "url": "https://httpbin.org/delay/1"
}

2025-10-12 15:43:51,706 - INFO - POST https://reqres.in/api/login | payload={'email': 'eve.holt@reqres.in', 'password': 'cityslicka'}
2025-10-12 15:43:52,151 - INFO - RESP 401 | {"error":"Missing API key"}
2025-10-12 15:43:52,179 - INFO - POST https://jsonplaceholder.typicode.com/posts | payload={'title': 'Test Post', 'body': 'Content', 'userId': 1}
2025-10-12 15:43:53,051 - INFO - RESP 201 | {
  "title": "Test Post",
  "body": "Content",
  "userId": 1,
  "id": 101
}
2025-10-12 15:43:53,059 - INFO - GET https://jsonplaceholder.typicode.com/posts/1
2025-10-12 15:43:53,217 - INFO - RESP 200 | {
  "userId": 1,
  "id": 1,
  "title": "sunt aut facere repellat provident occaecati excepturi optio reprehenderit",
  "body": "quia et suscipit\nsuscipit recusandae consequuntur expedita et cum\nreprehenderit molestiae ut ut quas totam\nnostrum rerum est autem sunt rem eveniet architecto"
}
2025-10-12 15:43:53,226 - INFO - GET https://jsonplaceholder.typicode.com/posts/99999
2025-10-12 15:43:53,427 - INFO - RESP 404 | {}
2025-10-12 15:43:53,435 - INFO - DELETE https://httpbin.org/status/405
2025-10-12 15:43:55,049 - INFO - RESP 405 | 
2025-10-12 15:43:55,059 - INFO - POST https://gorest.co.in/public/v2/users | payload={'name': 'Temp User', 'email': 'user_pdvxpf@example.com', 'gender': 'male', 'status': 'active'}
2025-10-12 15:43:55,455 - INFO - RESP 201 | {"id":8182616,"name":"Temp User","email":"user_pdvxpf@example.com","gender":"male","status":"active"}
2025-10-12 15:43:55,460 - INFO - DELETE https://gorest.co.in/public/v2/users/8182616
2025-10-12 15:43:56,045 - INFO - RESP 204 | 
2025-10-12 15:43:56,055 - INFO - POST https://gorest.co.in/public/v2/users | payload={'name': 'X', 'email': 'bad-email', 'gender': 'male', 'status': 'active'}
2025-10-12 15:43:56,448 - INFO - RESP 422 | [{"field":"email","message":"is invalid"}]
2025-10-12 15:43:56,456 - INFO - GET https://jsonplaceholder.typicode.com/posts/1
2025-10-12 15:43:56,613 - INFO - RESP 200 | {
  "userId": 1,
  "id": 1,
  "title": "sunt aut facere repellat provident occaecati excepturi optio reprehenderit",
  "body": "quia et suscipit\nsuscipit recusandae consequuntur expedita et cum\nreprehenderit molestiae ut ut quas totam\nnostrum rerum est autem sunt rem eveniet architecto"
}
2025-10-12 15:43:56,639 - INFO - GET https://httpbin.org/delay/1 | params=None
2025-10-12 15:43:56,641 - INFO - GET https://httpbin.org/delay/1 | params=None
2025-10-12 15:43:56,642 - INFO - GET https://httpbin.org/delay/1 | params=None
2025-10-12 15:43:56,646 - INFO - GET https://httpbin.org/delay/1 | params=None
2025-10-12 15:43:56,650 - INFO - GET https://httpbin.org/delay/1 | params=None
2025-10-12 15:43:56,654 - INFO - GET https://httpbin.org/delay/1 | params=None
2025-10-12 15:43:56,661 - INFO - GET https://httpbin.org/delay/1 | params=None
2025-10-12 15:43:56,666 - INFO - GET https://httpbin.org/delay/1 | params=None
2025-10-12 15:43:56,670 - INFO - GET https://httpbin.org/delay/1 | params=None
2025-10-12 15:43:56,673 - INFO - GET https://httpbin.org/delay/1 | params=None
2025-10-12 15:43:59,533 - INFO - RESP 200 | {
  "args": {}, 
  "data": "", 
  "files": {}, 
  "form": {}, 
  "headers": {
    "Accept": "*/*", 
    "Accept-Encoding": "gzip, deflate", 
    "Host": "httpbin.org", 
    "User-Agent": "python-requests/2.31.0", 
    "X-Amzn-Trace-Id": "Root=1-68eb7f65-3ec3d87d20510c817cfe8907"
  }, 
  "origin": "223.178.82.13", 
  "url": "https://httpbin.org/delay/1"
}

2025-10-12 15:43:59,697 - INFO - RESP 200 | {
  "args": {}, 
  "data": "", 
  "files": {}, 
  "form": {}, 
  "headers": {
    "Accept": "*/*", 
    "Accept-Encoding": "gzip, deflate", 
    "Host": "httpbin.org", 
    "User-Agent": "python-requests/2.31.0", 
    "X-Amzn-Trace-Id": "Root=1-68eb7f65-607870f179fe7289362f9f41"
  }, 
  "origin": "223.178.82.13", 
  "url": "https://httpbin.org/delay/1"
}

2025-10-12 15:43:59,781 - INFO - RESP 200 | {
  "args": {}, 
  "data": "", 
  "files": {}, 
  "form": {}, 
  "headers": {
    "Accept": "*/*", 
    "Accept-Encoding": "gzip, deflate", 
    "Host": "httpbin.org", 
    "User-Agent": "python-requests/2.31.0", 
    "X-Amzn-Trace-Id": "Root=1-68eb7f65-3d9ca04e1c7facf93888020a"
  }, 
  "origin": "223.178.82.13", 
  "url": "https://httpbin.org/delay/1"
}

2025-10-12 15:43:59,911 - INFO - RESP 200 | {
  "args": {}, 
  "data": "", 
  "files": {}, 
  "form": {}, 
  "headers": {
    "Accept": "*/*", 
    "Accept-Encoding": "gzip, deflate", 
    "Host": "httpbin.org", 
    "User-Agent": "python-requests/2.31.0", 
    "X-Amzn-Trace-Id": "Root=1-68eb7f65-3e10a06414eb576a2e171995"
  }, 
  "origin": "223.178.82.13", 
  "url": "https://httpbin.org/delay/1"
}

2025-10-12 15:44:00,544 - INFO - RESP 200 | {
  "args": {}, 
  "data": "", 
  "files": {}, 
  "form": {}, 
  "headers": {
    "Accept": "*/*", 
    "Accept-Encoding": "gzip, deflate", 
    "Host": "httpbin.org", 
    "User-Agent": "python-requests/2.31.0", 
    "X-Amzn-Trace-Id": "Root=1-68eb7f65-3caa74a701fbe0524b01bea9"
  }, 
  "origin": "223.178.82.13", 
  "url": "https://httpbin.org/delay/1"
}

2025-10-12 15:44:00,664 - INFO - RESP 200 | {
  "args": {}, 
  "data": "", 
  "files": {}, 
  "form": {}, 
  "headers": {
    "Accept": "*/*", 
    "Accept-Encoding": "gzip, deflate", 
    "Host": "httpbin.org", 
    "User-Agent": "python-requests/2.31.0", 
    "X-Amzn-Trace-Id": "Root=1-68eb7f65-624f776329bd90fe79392c1c"
  }, 
  "origin": "223.178.82.13", 
  "url": "https://httpbin.org/delay/1"
}

2025-10-12 15:44:01,095 - INFO - RESP 200 | {
  "args": {}, 
  "data": "", 
  "files": {}, 
  "form": {}, 
  "headers": {
    "Accept": "*/*", 
    "Accept-Encoding": "gzip, deflate", 
    "Host": "httpbin.org", 
    "User-Agent": "python-requests/2.31.0", 
    "X-Amzn-Trace-Id": "Root=1-68eb7f65-2904b1c22af76aff0102dd41"
  }, 
  "origin": "223.178.82.13", 
  "url": "https://httpbin.org/delay/1"
}

2025-10-12 15:44:01,204 - INFO - RESP 200 | {
  "args": {}, 
  "data": "", 
  "files": {}, 
  "form": {}, 
  "headers": {
    "Accept": "*/*", 
    "Accept-Encoding": "gzip, deflate", 
    "Host": "httpbin.org", 
    "User-Agent": "python-requests/2.31.0", 
    "X-Amzn-Trace-Id": "Root=1-68eb7f66-3045d49403e444e77afc74c1"
  }, 
  "origin": "223.178.82.13", 
  "url": "https://httpbin.org/delay/1"
}

2025-10-12 15:44:01,421 - INFO - RESP 200 | {
  "args": {}, 
  "data": "", 
  "files": {}, 
  "form": {}, 
  "headers": {
    "Accept": "*/*", 
    "Accept-Encoding": "gzip, deflate", 
    "Host": "httpbin.org", 
    "User-Agent": "python-requests/2.31.0", 
    "X-Amzn-Trace-Id": "Root=1-68eb7f66-5bb7a79055dc77f662664a7c"
  }, 
  "origin": "223.178.82.13", 
  "url": "https://httpbin.org/delay/1"
}

2025-10-12 15:44:01,541 - INFO - RESP 200 | {
  "args": {}, 
  "data": "", 
  "files": {}, 
  "form": {}, 
  "headers": {
    "Accept": "*/*", 
    "Accept-Encoding": "gzip, deflate", 
    "Host": "httpbin.org", 
    "User-Agent": "python-requests/2.31.0", 
    "X-Amzn-Trace-Id": "Root=1-68eb7f65-5aa66d0d248092716a54a796"
  }, 
  "origin": "223.178.82.13", 
  "url": "https://httpbin.org/delay/1"
}

2025-10-12 15:53:05,900 - INFO - POST https://reqres.in/api/login | payload={'email': 'eve.holt@reqres.in', 'password': 'cityslicka'}
2025-10-12 15:53:06,964 - INFO - RESP 401 | {"error":"Missing API key"}
2025-10-12 15:53:06,978 - INFO - POST https://jsonplaceholder.typicode.com/posts | payload={'title': 'Test Post', 'body': 'Content', 'userId': 1}
2025-10-12 15:53:07,407 - INFO - RESP 201 | {
  "title": "Test Post",
  "body": "Content",
  "userId": 1,
  "id": 101
}
2025-10-12 15:53:07,414 - INFO - GET https://jsonplaceholder.typicode.com/posts/1
2025-10-12 15:53:07,573 - INFO - RESP 200 | {
  "userId": 1,
  "id": 1,
  "title": "sunt aut facere repellat provident occaecati excepturi optio reprehenderit",
  "body": "quia et suscipit\nsuscipit recusandae consequuntur expedita et cum\nreprehenderit molestiae ut ut quas totam\nnostrum rerum est autem sunt rem eveniet architecto"
}
2025-10-12 15:53:07,587 - INFO - GET https://jsonplaceholder.typicode.com/posts/99999
2025-10-12 15:53:07,750 - INFO - RESP 404 | {}
2025-10-12 15:53:07,760 - INFO - DELETE https://httpbin.org/status/405
2025-10-12 15:53:11,068 - INFO - RESP 405 | 
2025-10-12 15:53:11,076 - INFO - POST https://gorest.co.in/public/v2/users | payload={'name': 'Temp User', 'email': 'user_uwnwhd@example.com', 'gender': 'male', 'status': 'active'}
2025-10-12 15:53:11,632 - INFO - RESP 201 | {"id":8182623,"name":"Temp User","email":"user_uwnwhd@example.com","gender":"male","status":"active"}
2025-10-12 15:53:11,636 - INFO - DELETE https://gorest.co.in/public/v2/users/8182623
2025-10-12 15:53:11,965 - INFO - RESP 204 | 
2025-10-12 15:53:11,976 - INFO - POST https://gorest.co.in/public/v2/users | payload={'name': 'X', 'email': 'bad-email', 'gender': 'male', 'status': 'active'}
2025-10-12 15:53:12,287 - INFO - RESP 422 | [{"field":"email","message":"is invalid"}]
2025-10-12 15:53:12,295 - INFO - GET https://jsonplaceholder.typicode.com/posts/1
2025-10-12 15:53:12,492 - INFO - RESP 200 | {
  "userId": 1,
  "id": 1,
  "title": "sunt aut facere repellat provident occaecati excepturi optio reprehenderit",
  "body": "quia et suscipit\nsuscipit recusandae consequuntur expedita et cum\nreprehenderit molestiae ut ut quas totam\nnostrum rerum est autem sunt rem eveniet architecto"
}
2025-10-12 15:53:12,508 - INFO - GET https://httpbin.org/delay/1 | params=None
2025-10-12 15:53:12,509 - INFO - GET https://httpbin.org/delay/1 | params=None
2025-10-12 15:53:12,511 - INFO - GET https://httpbin.org/delay/1 | params=None
2025-10-12 15:53:12,514 - INFO - GET https://httpbin.org/delay/1 | params=None
2025-10-12 15:53:12,517 - INFO - GET https://httpbin.org/delay/1 | params=None
2025-10-12 15:53:12,520 - INFO - GET https://httpbin.org/delay/1 | params=None
2025-10-12 15:53:12,523 - INFO - GET https://httpbin.org/delay/1 | params=None
2025-10-12 15:53:12,526 - INFO - GET https://httpbin.org/delay/1 | params=None
2025-10-12 15:53:12,531 - INFO - GET https://httpbin.org/delay/1 | params=None
2025-10-12 15:53:12,535 - INFO - GET https://httpbin.org/delay/1 | params=None
2025-10-12 15:53:15,174 - INFO - RESP 200 | {
  "args": {}, 
  "data": "", 
  "files": {}, 
  "form": {}, 
  "headers": {
    "Accept": "*/*", 
    "Accept-Encoding": "gzip, deflate", 
    "Host": "httpbin.org", 
    "User-Agent": "python-requests/2.31.0", 
    "X-Amzn-Trace-Id": "Root=1-68eb8191-0e41ed535ed816f77131c5a7"
  }, 
  "origin": "223.178.82.13", 
  "url": "https://httpbin.org/delay/1"
}

2025-10-12 15:53:15,852 - INFO - RESP 200 | {
  "args": {}, 
  "data": "", 
  "files": {}, 
  "form": {}, 
  "headers": {
    "Accept": "*/*", 
    "Accept-Encoding": "gzip, deflate", 
    "Host": "httpbin.org", 
    "User-Agent": "python-requests/2.31.0", 
    "X-Amzn-Trace-Id": "Root=1-68eb8191-5b10f0a36029e2393db73528"
  }, 
  "origin": "223.178.82.13", 
  "url": "https://httpbin.org/delay/1"
}

2025-10-12 15:53:15,857 - INFO - RESP 200 | {
  "args": {}, 
  "data": "", 
  "files": {}, 
  "form": {}, 
  "headers": {
    "Accept": "*/*", 
    "Accept-Encoding": "gzip, deflate", 
    "Host": "httpbin.org", 
    "User-Agent": "python-requests/2.31.0", 
    "X-Amzn-Trace-Id": "Root=1-68eb8191-0b71f1ed79985c9e531f370d"
  }, 
  "origin": "223.178.82.13", 
  "url": "https://httpbin.org/delay/1"
}

2025-10-12 15:53:16,595 - INFO - RESP 200 | {
  "args": {}, 
  "data": "", 
  "files": {}, 
  "form": {}, 
  "headers": {
    "Accept": "*/*", 
    "Accept-Encoding": "gzip, deflate", 
    "Host": "httpbin.org", 
    "User-Agent": "python-requests/2.31.0", 
    "X-Amzn-Trace-Id": "Root=1-68eb8191-6b3cd8dd5cedfd94599bc316"
  }, 
  "origin": "223.178.82.13", 
  "url": "https://httpbin.org/delay/1"
}

2025-10-12 15:53:16,826 - INFO - RESP 200 | {
  "args": {}, 
  "data": "", 
  "files": {}, 
  "form": {}, 
  "headers": {
    "Accept": "*/*", 
    "Accept-Encoding": "gzip, deflate", 
    "Host": "httpbin.org", 
    "User-Agent": "python-requests/2.31.0", 
    "X-Amzn-Trace-Id": "Root=1-68eb8191-5872d7ac500626af610142b4"
  }, 
  "origin": "223.178.82.13", 
  "url": "https://httpbin.org/delay/1"
}

2025-10-12 15:53:17,384 - INFO - RESP 200 | {
  "args": {}, 
  "data": "", 
  "files": {}, 
  "form": {}, 
  "headers": {
    "Accept": "*/*", 
    "Accept-Encoding": "gzip, deflate", 
    "Host": "httpbin.org", 
    "User-Agent": "python-requests/2.31.0", 
    "X-Amzn-Trace-Id": "Root=1-68eb8191-458f2645701a620b01b6c5ec"
  }, 
  "origin": "223.178.82.13", 
  "url": "https://httpbin.org/delay/1"
}

2025-10-12 15:53:17,955 - INFO - RESP 200 | {
  "args": {}, 
  "data": "", 
  "files": {}, 
  "form": {}, 
  "headers": {
    "Accept": "*/*", 
    "Accept-Encoding": "gzip, deflate", 
    "Host": "httpbin.org", 
    "User-Agent": "python-requests/2.31.0", 
    "X-Amzn-Trace-Id": "Root=1-68eb8191-2d30f2c2643a63986cfb3e65"
  }, 
  "origin": "223.178.82.13", 
  "url": "https://httpbin.org/delay/1"
}

2025-10-12 15:53:17,975 - INFO - RESP 200 | {
  "args": {}, 
  "data": "", 
  "files": {}, 
  "form": {}, 
  "headers": {
    "Accept": "*/*", 
    "Accept-Encoding": "gzip, deflate", 
    "Host": "httpbin.org", 
    "User-Agent": "python-requests/2.31.0", 
    "X-Amzn-Trace-Id": "Root=1-68eb8191-004b5c5e417c28692105fa46"
  }, 
  "origin": "223.178.82.13", 
  "url": "https://httpbin.org/delay/1"
}

2025-10-12 15:53:18,526 - INFO - RESP 200 | {
  "args": {}, 
  "data": "", 
  "files": {}, 
  "form": {}, 
  "headers": {
    "Accept": "*/*", 
    "Accept-Encoding": "gzip, deflate", 
    "Host": "httpbin.org", 
    "User-Agent": "python-requests/2.31.0", 
    "X-Amzn-Trace-Id": "Root=1-68eb8191-0ef086bd4762eb751a8b2390"
  }, 
  "origin": "223.178.82.13", 
  "url": "https://httpbin.org/delay/1"
}

2025-10-12 15:53:18,641 - INFO - RESP 200 | {
  "args": {}, 
  "data": "", 
  "files": {}, 
  "form": {}, 
  "headers": {
    "Accept": "*/*", 
    "Accept-Encoding": "gzip, deflate", 
    "Host": "httpbin.org", 
    "User-Agent": "python-requests/2.31.0", 
    "X-Amzn-Trace-Id": "Root=1-68eb8191-230379b82c2fb16319185698"
  }, 
  "origin": "223.178.82.13", 
  "url": "https://httpbin.org/delay/1"
}

2025-10-12 15:54:12,014 - INFO - POST https://jsonplaceholder.typicode.com/posts | payload={'title': 'Test Post', 'body': 'Content', 'userId': 1}
der': 'male', 'status': 'active'}
2025-10-12 15:54:12,014 - INFO - GET https://jsonplaceholder.typicode.com/posts/1
2025-10-12 15:54:12,015 - INFO - GET https://jsonplaceholder.typicode.com/posts/1
2025-10-12 15:54:12,018 - INFO - POST https://reqres.in/api/login | payload={'email': 'eve.holt@reqres.in', 'password': 'cityslicka'}
2025-10-12 15:54:12,019 - INFO - POST https://gorest.co.in/public/v2/users | payload={'name': 'X', 'email': 'bad-email', 'gender': 'male', 'status': 'active'}
2025-10-12 15:54:12,020 - INFO - GET https://httpbin.org/delay/1 | params=None
2025-10-12 15:54:12,029 - INFO - GET https://httpbin.org/delay/1 | params=None
2025-10-12 15:54:12,031 - INFO - GET https://httpbin.org/delay/1 | params=None
2025-10-12 15:54:12,032 - INFO - GET https://httpbin.org/delay/1 | params=None
2025-10-12 15:54:12,033 - INFO - GET https://httpbin.org/delay/1 | params=None
2025-10-12 15:54:12,035 - INFO - GET https://httpbin.org/delay/1 | params=None
2025-10-12 15:54:12,040 - INFO - GET https://httpbin.org/delay/1 | params=None
2025-10-12 15:54:12,044 - INFO - GET https://httpbin.org/delay/1 | params=None
2025-10-12 15:54:12,049 - INFO - GET https://httpbin.org/delay/1 | params=None
2025-10-12 15:54:12,052 - INFO - GET https://httpbin.org/delay/1 | params=None
2025-10-12 15:54:12,222 - INFO - RESP 200 | {
  "userId": 1,
  "id": 1,
  "title": "sunt aut facere repellat provident occaecati excepturi optio reprehenderit",
  "body": "quia et suscipit\nsuscipit recusandae consequuntur expedita et cum\nreprehenderit molestiae ut ut quas totam\nnostrum rerum est autem sunt rem eveniet architecto"
}
2025-10-12 15:54:12,246 - INFO - RESP 404 | {}
2025-10-12 15:54:12,291 - INFO - RESP 200 | {
  "userId": 1,
  "id": 1,
  "title": "sunt aut facere repellat provident occaecati excepturi optio reprehenderit",
  "body": "quia et suscipit\nsuscipit recusandae consequuntur expedita et cum\nreprehenderit molestiae ut ut quas totam\nnostrum rerum est autem sunt rem eveniet architecto"
}
2025-10-12 15:54:12,374 - INFO - RESP 201 | {"id":8182624,"name":"Temp User","email":"user_xgsxfa@example.com","gender":"male","status":"active"}
2025-10-12 15:54:12,376 - INFO - DELETE https://gorest.co.in/public/v2/users/8182624
2025-10-12 15:54:12,388 - INFO - RESP 422 | [{"field":"email","message":"is invalid"}]
2025-10-12 15:54:12,433 - INFO - RESP 201 | {
  "title": "Test Post",
  "body": "Content",
  "userId": 1,
  "id": 101
}
2025-10-12 15:54:12,823 - INFO - RESP 401 | {"error":"Missing API key"}
2025-10-12 15:54:12,843 - INFO - RESP 204 | 
2025-10-12 15:54:13,321 - INFO - RESP 502 | <html>
<head><title>502 Bad Gateway</title></head>
<body>
<center><h1>502 Bad Gateway</h1></center>
</body>
</html>

2025-10-12 15:54:15,553 - INFO - DELETE https://httpbin.org/status/405
2025-10-12 15:54:16,414 - INFO - RESP 200 | {
  "args": {}, 
  "data": "", 
  "files": {}, 
  "form": {}, 
  "headers": {
    "Accept": "*/*", 
    "Accept-Encoding": "gzip, deflate", 
    "Host": "httpbin.org", 
    "User-Agent": "python-requests/2.31.0", 
    "X-Amzn-Trace-Id": "Root=1-68eb81cc-45cbb16053d4c5ee105b96f0"
  }, 
  "origin": "223.178.82.13", 
  "url": "https://httpbin.org/delay/1"
}

2025-10-12 15:54:16,464 - INFO - RESP 200 | {
  "args": {}, 
  "data": "", 
  "files": {}, 
  "form": {}, 
  "headers": {
    "Accept": "*/*", 
    "Accept-Encoding": "gzip, deflate", 
    "Host": "httpbin.org", 
    "User-Agent": "python-requests/2.31.0", 
    "X-Amzn-Trace-Id": "Root=1-68eb81cc-0602c8a1508480a0225ddcfc"
  }, 
  "origin": "223.178.82.13", 
  "url": "https://httpbin.org/delay/1"
}

2025-10-12 15:54:16,476 - INFO - RESP 200 | {
  "args": {}, 
  "data": "", 
  "files": {}, 
  "form": {}, 
  "headers": {
    "Accept": "*/*", 
    "Accept-Encoding": "gzip, deflate", 
    "Host": "httpbin.org", 
    "User-Agent": "python-requests/2.31.0", 
    "X-Amzn-Trace-Id": "Root=1-68eb81cc-654cfb890e8340c60a10180d"
  }, 
  "origin": "223.178.82.13", 
  "url": "https://httpbin.org/delay/1"
}

2025-10-12 15:54:16,909 - INFO - RESP 200 | {
  "args": {}, 
  "data": "", 
  "files": {}, 
  "form": {}, 
  "headers": {
    "Accept": "*/*", 
    "Accept-Encoding": "gzip, deflate", 
    "Host": "httpbin.org", 
    "User-Agent": "python-requests/2.31.0", 
    "X-Amzn-Trace-Id": "Root=1-68eb81cc-644f37c94bac367158082e0d"
  }, 
  "origin": "223.178.82.13", 
  "url": "https://httpbin.org/delay/1"
}

2025-10-12 15:54:16,951 - INFO - RESP 200 | {
  "args": {}, 
  "data": "", 
  "files": {}, 
  "form": {}, 
  "headers": {
    "Accept": "*/*", 
    "Accept-Encoding": "gzip, deflate", 
    "Host": "httpbin.org", 
    "User-Agent": "python-requests/2.31.0", 
    "X-Amzn-Trace-Id": "Root=1-68eb81cc-0513744255cb78923451e058"
  }, 
  "origin": "223.178.82.13", 
  "url": "https://httpbin.org/delay/1"
}

2025-10-12 15:54:17,113 - INFO - RESP 200 | {
  "args": {}, 
  "data": "", 
  "files": {}, 
  "form": {}, 
  "headers": {
    "Accept": "*/*", 
    "Accept-Encoding": "gzip, deflate", 
    "Host": "httpbin.org", 
    "User-Agent": "python-requests/2.31.0", 
    "X-Amzn-Trace-Id": "Root=1-68eb81cc-709aadc513e972d25a97625c"
  }, 
  "origin": "223.178.82.13", 
  "url": "https://httpbin.org/delay/1"
}

2025-10-12 15:54:17,292 - INFO - RESP 405 | 
2025-10-12 15:54:17,740 - INFO - RESP 200 | {
  "args": {}, 
  "data": "", 
  "files": {}, 
  "form": {}, 
  "headers": {
    "Accept": "*/*", 
    "Accept-Encoding": "gzip, deflate", 
    "Host": "httpbin.org", 
    "User-Agent": "python-requests/2.31.0", 
    "X-Amzn-Trace-Id": "Root=1-68eb81cc-26427f4c79b2dc2a7dae5697"
  }, 
  "origin": "223.178.82.13", 
  "url": "https://httpbin.org/delay/1"
}

2025-10-12 15:54:18,040 - INFO - RESP 200 | {
  "args": {}, 
  "data": "", 
  "files": {}, 
  "form": {}, 
  "headers": {
    "Accept": "*/*", 
    "Accept-Encoding": "gzip, deflate", 
    "Host": "httpbin.org", 
    "User-Agent": "python-requests/2.31.0", 
    "X-Amzn-Trace-Id": "Root=1-68eb81cc-22aa9af70ab260475f702f58"
  }, 
  "origin": "223.178.82.13", 
  "url": "https://httpbin.org/delay/1"
}

2025-10-12 15:54:18,484 - INFO - RESP 200 | {
  "args": {}, 
  "data": "", 
  "files": {}, 
  "form": {}, 
  "headers": {
    "Accept": "*/*", 
    "Accept-Encoding": "gzip, deflate", 
    "Host": "httpbin.org", 
    "User-Agent": "python-requests/2.31.0", 
    "X-Amzn-Trace-Id": "Root=1-68eb81cc-4b8a87f22e2a943e78cb7a66"
  }, 
  "origin": "223.178.82.13", 
  "url": "https://httpbin.org/delay/1"
}

2025-10-12 15:54:20,721 - INFO - RESP 200 | {
  "args": {}, 
  "data": "", 
  "files": {}, 
  "form": {}, 
  "headers": {
    "Accept": "*/*", 
    "Accept-Encoding": "gzip, deflate", 
    "Host": "httpbin.org", 
    "User-Agent": "python-requests/2.31.0", 
    "X-Amzn-Trace-Id": "Root=1-68eb81cc-5d4cc3f21560ea8f420b5db3"
  }, 
  "origin": "223.178.82.13", 
  "url": "https://httpbin.org/delay/1"
}

2025-10-12 18:04:21,664 - INFO - POST https://reqres.in/api/login | payload={'email': 'eve.holt@reqres.in', 'password': 'cityslicka'}
2025-10-12 18:04:22,837 - INFO - RESP 401 | {"error":"Missing API key"}
2025-10-12 18:04:22,847 - INFO - POST https://jsonplaceholder.typicode.com/posts | payload={'title': 'Test Post', 'body': 'Content', 'userId': 1}
2025-10-12 18:04:23,725 - INFO - RESP 201 | {
  "title": "Test Post",
  "body": "Content",
  "userId": 1,
  "id": 101
}
2025-10-12 18:04:23,734 - INFO - GET https://jsonplaceholder.typicode.com/posts/1
2025-10-12 18:04:23,937 - INFO - RESP 200 | {
  "userId": 1,
  "id": 1,
  "title": "sunt aut facere repellat provident occaecati excepturi optio reprehenderit",
  "body": "quia et suscipit\nsuscipit recusandae consequuntur expedita et cum\nreprehenderit molestiae ut ut quas totam\nnostrum rerum est autem sunt rem eveniet architecto"
}
2025-10-12 18:04:23,949 - INFO - GET https://jsonplaceholder.typicode.com/posts/99999
2025-10-12 18:04:24,134 - INFO - RESP 404 | {}
2025-10-12 18:04:24,140 - INFO - DELETE https://httpbin.org/status/405
2025-10-12 18:04:26,843 - INFO - RESP 405 | 
2025-10-12 18:04:26,848 - INFO - POST https://gorest.co.in/public/v2/users | payload={'name': 'Temp User', 'email': 'user_hdsxej@example.com', 'gender': 'male', 'status': 'active'}
2025-10-12 18:04:27,219 - INFO - RESP 201 | {"id":8182775,"name":"Temp User","email":"user_hdsxej@example.com","gender":"male","status":"active"}
2025-10-12 18:04:27,221 - INFO - DELETE https://gorest.co.in/public/v2/users/8182775
2025-10-12 18:04:27,565 - INFO - RESP 204 | 
2025-10-12 18:04:27,570 - INFO - POST https://gorest.co.in/public/v2/users | payload={'name': 'X', 'email': 'bad-email', 'gender': 'male', 'status': 'active'}
2025-10-12 18:04:27,937 - INFO - RESP 422 | [{"field":"email","message":"is invalid"}]
2025-10-12 18:04:27,944 - INFO - GET https://jsonplaceholder.typicode.com/posts/1
2025-10-12 18:04:28,139 - INFO - RESP 200 | {
  "userId": 1,
  "id": 1,
  "title": "sunt aut facere repellat provident occaecati excepturi optio reprehenderit",
  "body": "quia et suscipit\nsuscipit recusandae consequuntur expedita et cum\nreprehenderit molestiae ut ut quas totam\nnostrum rerum est autem sunt rem eveniet architecto"
}
2025-10-12 18:04:28,147 - INFO - GET https://httpbin.org/delay/1 | params=None
2025-10-12 18:04:28,148 - INFO - GET https://httpbin.org/delay/1 | params=None
2025-10-12 18:04:28,149 - INFO - GET https://httpbin.org/delay/1 | params=None
2025-10-12 18:04:28,151 - INFO - GET https://httpbin.org/delay/1 | params=None
2025-10-12 18:04:28,180 - INFO - GET https://httpbin.org/delay/1 | params=None
2025-10-12 18:04:28,183 - INFO - GET https://httpbin.org/delay/1 | params=None
2025-10-12 18:04:28,187 - INFO - GET https://httpbin.org/delay/1 | params=None
2025-10-12 18:04:28,188 - INFO - GET https://httpbin.org/delay/1 | params=None
2025-10-12 18:04:28,190 - INFO - GET https://httpbin.org/delay/1 | params=None
2025-10-12 18:04:28,192 - INFO - GET https://httpbin.org/delay/1 | params=None
2025-10-12 18:04:29,483 - INFO - RESP 502 | <html>
<head><title>502 Bad Gateway</title></head>
<body>
<center><h1>502 Bad Gateway</h1></center>
</body>
</html>

2025-10-12 18:04:30,507 - INFO - RESP 200 | {
  "args": {}, 
  "data": "", 
  "files": {}, 
  "form": {}, 
  "headers": {
    "Accept": "*/*", 
    "Accept-Encoding": "gzip, deflate", 
    "Host": "httpbin.org", 
    "User-Agent": "python-requests/2.31.0", 
    "X-Amzn-Trace-Id": "Root=1-68eba054-42db825b400081e65ab6d174"
  }, 
  "origin": "223.178.82.13", 
  "url": "https://httpbin.org/delay/1"
}

2025-10-12 18:04:30,530 - INFO - RESP 200 | {
  "args": {}, 
  "data": "", 
  "files": {}, 
  "form": {}, 
  "headers": {
    "Accept": "*/*", 
    "Accept-Encoding": "gzip, deflate", 
    "Host": "httpbin.org", 
    "User-Agent": "python-requests/2.31.0", 
    "X-Amzn-Trace-Id": "Root=1-68eba054-69ae5a6707d7893c7225bd09"
  }, 
  "origin": "223.178.82.13", 
  "url": "https://httpbin.org/delay/1"
}

2025-10-12 18:04:30,759 - INFO - RESP 200 | {
  "args": {}, 
  "data": "", 
  "files": {}, 
  "form": {}, 
  "headers": {
    "Accept": "*/*", 
    "Accept-Encoding": "gzip, deflate", 
    "Host": "httpbin.org", 
    "User-Agent": "python-requests/2.31.0", 
    "X-Amzn-Trace-Id": "Root=1-68eba054-3bec036e2dfe51040a589b55"
  }, 
  "origin": "223.178.82.13", 
  "url": "https://httpbin.org/delay/1"
}

2025-10-12 18:04:31,121 - INFO - RESP 200 | {
  "args": {}, 
  "data": "", 
  "files": {}, 
  "form": {}, 
  "headers": {
    "Accept": "*/*", 
    "Accept-Encoding": "gzip, deflate", 
    "Host": "httpbin.org", 
    "User-Agent": "python-requests/2.31.0", 
    "X-Amzn-Trace-Id": "Root=1-68eba054-685c66cb567569be6ef36082"
  }, 
  "origin": "223.178.82.13", 
  "url": "https://httpbin.org/delay/1"
}

2025-10-12 18:04:31,834 - INFO - RESP 200 | {
  "args": {}, 
  "data": "", 
  "files": {}, 
  "form": {}, 
  "headers": {
    "Accept": "*/*", 
    "Accept-Encoding": "gzip, deflate", 
    "Host": "httpbin.org", 
    "User-Agent": "python-requests/2.31.0", 
    "X-Amzn-Trace-Id": "Root=1-68eba054-63d024814097d8632d71be0d"
  }, 
  "origin": "223.178.82.13", 
  "url": "https://httpbin.org/delay/1"
}

2025-10-12 18:04:31,834 - INFO - RESP 200 | {
  "args": {}, 
  "data": "", 
  "files": {}, 
  "form": {}, 
  "headers": {
    "Accept": "*/*", 
    "Accept-Encoding": "gzip, deflate", 
    "Host": "httpbin.org", 
    "User-Agent": "python-requests/2.31.0", 
    "X-Amzn-Trace-Id": "Root=1-68eba054-0abeb7b02a82c80331368aa1"
  }, 
  "origin": "223.178.82.13", 
  "url": "https://httpbin.org/delay/1"
}

2025-10-12 18:04:31,840 - INFO - RESP 200 | {
  "args": {}, 
  "data": "", 
  "files": {}, 
  "form": {}, 
  "headers": {
    "Accept": "*/*", 
    "Accept-Encoding": "gzip, deflate", 
    "Host": "httpbin.org", 
    "User-Agent": "python-requests/2.31.0", 
    "X-Amzn-Trace-Id": "Root=1-68eba054-0c53a65c6678e7146cf2628e"
  }, 
  "origin": "223.178.82.13", 
  "url": "https://httpbin.org/delay/1"
}

2025-10-12 18:04:33,013 - INFO - RESP 200 | {
  "args": {}, 
  "data": "", 
  "files": {}, 
  "form": {}, 
  "headers": {
    "Accept": "*/*", 
    "Accept-Encoding": "gzip, deflate", 
    "Host": "httpbin.org", 
    "User-Agent": "python-requests/2.31.0", 
    "X-Amzn-Trace-Id": "Root=1-68eba054-27bfc07e64857ed0520e6b25"
  }, 
  "origin": "223.178.82.13", 
  "url": "https://httpbin.org/delay/1"
}

2025-10-12 18:04:33,933 - INFO - RESP 200 | {
  "args": {}, 
  "data": "", 
  "files": {}, 
  "form": {}, 
  "headers": {
    "Accept": "*/*", 
    "Accept-Encoding": "gzip, deflate", 
    "Host": "httpbin.org", 
    "User-Agent": "python-requests/2.31.0", 
    "X-Amzn-Trace-Id": "Root=1-68eba054-5da11f8335b653e5028a1000"
  }, 
  "origin": "223.178.82.13", 
  "url": "https://httpbin.org/delay/1"
}

2025-10-12 18:16:14,293 - INFO - POST https://reqres.in/api/login | payload={'email': 'eve.holt@reqres.in', 'password': 'cityslicka'}
2025-10-12 18:16:14,944 - INFO - RESP 401 | {"error":"Missing API key"}
2025-10-12 18:16:14,964 - INFO - POST https://jsonplaceholder.typicode.com/posts | payload={'title': 'Test Post', 'body': 'Content', 'userId': 1}
2025-10-12 18:16:15,863 - INFO - RESP 201 | {
  "title": "Test Post",
  "body": "Content",
  "userId": 1,
  "id": 101
}
2025-10-12 18:16:15,869 - INFO - GET https://jsonplaceholder.typicode.com/posts/1
2025-10-12 18:16:16,075 - INFO - RESP 200 | {
  "userId": 1,
  "id": 1,
  "title": "sunt aut facere repellat provident occaecati excepturi optio reprehenderit",
  "body": "quia et suscipit\nsuscipit recusandae consequuntur expedita et cum\nreprehenderit molestiae ut ut quas totam\nnostrum rerum est autem sunt rem eveniet architecto"
}
2025-10-12 18:16:16,075 - INFO - GET https://jsonplaceholder.typicode.com/posts/99999
2025-10-12 18:16:16,277 - INFO - RESP 404 | {}
2025-10-12 18:16:16,280 - INFO - DELETE https://httpbin.org/status/405
2025-10-12 18:16:18,440 - INFO - RESP 405 | 
2025-10-12 18:16:18,440 - INFO - POST https://gorest.co.in/public/v2/users | payload={'name': 'Temp User', 'email': 'user_kwgqtd@example.com', 'gender': 'male', 'status': 'active'}
2025-10-12 18:16:18,978 - INFO - RESP 201 | {"id":8182785,"name":"Temp User","email":"user_kwgqtd@example.com","gender":"male","status":"active"}
2025-10-12 18:16:18,980 - INFO - DELETE https://gorest.co.in/public/v2/users/8182785
2025-10-12 18:16:19,449 - INFO - RESP 204 | 
2025-10-12 18:16:19,449 - INFO - POST https://gorest.co.in/public/v2/users | payload={'name': 'X', 'email': 'bad-email', 'gender': 'male', 'status': 'active'}
2025-10-12 18:16:19,921 - INFO - RESP 422 | [{"field":"email","message":"is invalid"}]
2025-10-12 18:16:19,929 - INFO - GET https://jsonplaceholder.typicode.com/posts/1
2025-10-12 18:16:20,126 - INFO - RESP 200 | {
  "userId": 1,
  "id": 1,
  "title": "sunt aut facere repellat provident occaecati excepturi optio reprehenderit",
  "body": "quia et suscipit\nsuscipit recusandae consequuntur expedita et cum\nreprehenderit molestiae ut ut quas totam\nnostrum rerum est autem sunt rem eveniet architecto"
}
2025-10-12 18:16:20,136 - INFO - GET https://httpbin.org/delay/1 | params=None
2025-10-12 18:16:20,136 - INFO - GET https://httpbin.org/delay/1 | params=None
2025-10-12 18:16:20,136 - INFO - GET https://httpbin.org/delay/1 | params=None
2025-10-12 18:16:20,136 - INFO - GET https://httpbin.org/delay/1 | params=None
2025-10-12 18:16:20,136 - INFO - GET https://httpbin.org/delay/1 | params=None
2025-10-12 18:16:20,136 - INFO - GET https://httpbin.org/delay/1 | params=None
2025-10-12 18:16:20,136 - INFO - GET https://httpbin.org/delay/1 | params=None
2025-10-12 18:16:20,150 - INFO - GET https://httpbin.org/delay/1 | params=None
2025-10-12 18:16:20,150 - INFO - GET https://httpbin.org/delay/1 | params=None
2025-10-12 18:16:20,150 - INFO - GET https://httpbin.org/delay/1 | params=None
2025-10-12 18:16:22,493 - INFO - RESP 200 | {
  "args": {}, 
  "data": "", 
  "files": {}, 
  "form": {}, 
  "headers": {
    "Accept": "*/*", 
    "Accept-Encoding": "gzip, deflate", 
    "Host": "httpbin.org", 
    "User-Agent": "python-requests/2.31.0", 
    "X-Amzn-Trace-Id": "Root=1-68eba31b-63d8751f509cb93a65b40bc3"
  }, 
  "origin": "223.178.82.13", 
  "url": "https://httpbin.org/delay/1"
}

2025-10-12 18:16:23,160 - INFO - RESP 200 | {
  "args": {}, 
  "data": "", 
  "files": {}, 
  "form": {}, 
  "headers": {
    "Accept": "*/*", 
    "Accept-Encoding": "gzip, deflate", 
    "Host": "httpbin.org", 
    "User-Agent": "python-requests/2.31.0", 
    "X-Amzn-Trace-Id": "Root=1-68eba31b-1f844d686426e044285b0c93"
  }, 
  "origin": "223.178.82.13", 
  "url": "https://httpbin.org/delay/1"
}

2025-10-12 18:16:24,105 - INFO - RESP 200 | {
  "args": {}, 
  "data": "", 
  "files": {}, 
  "form": {}, 
  "headers": {
    "Accept": "*/*", 
    "Accept-Encoding": "gzip, deflate", 
    "Host": "httpbin.org", 
    "User-Agent": "python-requests/2.31.0", 
    "X-Amzn-Trace-Id": "Root=1-68eba31b-50c4fa4825b158780f37062e"
  }, 
  "origin": "223.178.82.13", 
  "url": "https://httpbin.org/delay/1"
}

2025-10-12 18:16:24,632 - INFO - RESP 200 | {
  "args": {}, 
  "data": "", 
  "files": {}, 
  "form": {}, 
  "headers": {
    "Accept": "*/*", 
    "Accept-Encoding": "gzip, deflate", 
    "Host": "httpbin.org", 
    "User-Agent": "python-requests/2.31.0", 
    "X-Amzn-Trace-Id": "Root=1-68eba31b-243ae35f10989ff1583ed902"
  }, 
  "origin": "223.178.82.13", 
  "url": "https://httpbin.org/delay/1"
}

2025-10-12 18:16:24,632 - INFO - RESP 200 | {
  "args": {}, 
  "data": "", 
  "files": {}, 
  "form": {}, 
  "headers": {
    "Accept": "*/*", 
    "Accept-Encoding": "gzip, deflate", 
    "Host": "httpbin.org", 
    "User-Agent": "python-requests/2.31.0", 
    "X-Amzn-Trace-Id": "Root=1-68eba31b-6758ea314e6209932ef14dc3"
  }, 
  "origin": "223.178.82.13", 
  "url": "https://httpbin.org/delay/1"
}

2025-10-12 18:16:25,199 - INFO - RESP 200 | {
  "args": {}, 
  "data": "", 
  "files": {}, 
  "form": {}, 
  "headers": {
    "Accept": "*/*", 
    "Accept-Encoding": "gzip, deflate", 
    "Host": "httpbin.org", 
    "User-Agent": "python-requests/2.31.0", 
    "X-Amzn-Trace-Id": "Root=1-68eba31b-69a15fb272f7dbac28cb0463"
  }, 
  "origin": "223.178.82.13", 
  "url": "https://httpbin.org/delay/1"
}

2025-10-12 18:16:25,695 - INFO - RESP 200 | {
  "args": {}, 
  "data": "", 
  "files": {}, 
  "form": {}, 
  "headers": {
    "Accept": "*/*", 
    "Accept-Encoding": "gzip, deflate", 
    "Host": "httpbin.org", 
    "User-Agent": "python-requests/2.31.0", 
    "X-Amzn-Trace-Id": "Root=1-68eba31b-7ec74a4b446ee166188d5341"
  }, 
  "origin": "223.178.82.13", 
  "url": "https://httpbin.org/delay/1"
}

2025-10-12 18:16:25,775 - INFO - RESP 200 | {
  "args": {}, 
  "data": "", 
  "files": {}, 
  "form": {}, 
  "headers": {
    "Accept": "*/*", 
    "Accept-Encoding": "gzip, deflate", 
    "Host": "httpbin.org", 
    "User-Agent": "python-requests/2.31.0", 
    "X-Amzn-Trace-Id": "Root=1-68eba31b-52c013df22dfc6174011fb9e"
  }, 
  "origin": "223.178.82.13", 
  "url": "https://httpbin.org/delay/1"
}

2025-10-12 18:16:26,425 - INFO - RESP 200 | {
  "args": {}, 
  "data": "", 
  "files": {}, 
  "form": {}, 
  "headers": {
    "Accept": "*/*", 
    "Accept-Encoding": "gzip, deflate", 
    "Host": "httpbin.org", 
    "User-Agent": "python-requests/2.31.0", 
    "X-Amzn-Trace-Id": "Root=1-68eba31b-08edcbfe0880d3873efa0d17"
  }, 
  "origin": "223.178.82.13", 
  "url": "https://httpbin.org/delay/1"
}

2025-10-12 18:16:27,585 - INFO - RESP 200 | {
  "args": {}, 
  "data": "", 
  "files": {}, 
  "form": {}, 
  "headers": {
    "Accept": "*/*", 
    "Accept-Encoding": "gzip, deflate", 
    "Host": "httpbin.org", 
    "User-Agent": "python-requests/2.31.0", 
    "X-Amzn-Trace-Id": "Root=1-68eba31b-2c8463c87fb0e7982e4972d7"
  }, 
  "origin": "223.178.82.13", 
  "url": "https://httpbin.org/delay/1"
}

